-0.562944706898257152261066948995
0.162102783292676244641938865243
0
0.162102783292676244641938865243
-0.0876878321694853912759981540148
-0.00739228219945842202065477977158
0
-0.00739228219945842202065477977158
0
0
0
0
-0.0876878321694853912759981540148
-0.00739228219945842202065477977158
0
-0.00739228219945842202065477977158
-0.0400090055140394085242405708414
-0.00492205514414134626122176996432
0
-0.00492205514414134626122176996432
-0.015013749506667783961688655836
-0.00707785875888378157583247229923
0
-0.00707785875888378157583247229923
0
0
0
0
-0.015013749506667783961688655836
-0.00707785875888378157583247229923
0
-0.00707785875888378157583247229923
-0.00159083293599682207286605262198
-0.00143459039462578985535401443485
0
-0.00143459039462578985535401443485
-0.00140644386276278510194970294833
-0.00128164857769075268834058078937
0
-0.00128164857769075268834058078937
0
0
0
0
-0.00140644386276278510194970294833
-0.00128164857769075268834058078937
0
-0.00128164857769075268834058078937
-0.000408549558176929394903709180653
-0.000393811598568660770069982390851
0
-0.000393811598568660770069982390851
-0.000389759735853090205637272447348
-0.000376189669595738962470932165161
0
-0.000376189669595738962470932165161
0
0
0
0
-0.000389759735853090205637272447348
-0.000376189669595738962470932165161
0
-0.000376189669595738962470932165161
0
0
0
0
0
0
0
0
0
0
0
0
0
0
0
0
-0.000408549558176929394903709180653
-0.000393811598568660770069982390851
0
-0.000393811598568660770069982390851
-0.000389759735853090205637272447348
-0.000376189669595738962470932165161
0
-0.000376189669595738962470932165161
0
0
0
0
-0.000389759735853090205637272447348
-0.000376189669595738962470932165161
0
-0.000376189669595738962470932165161
-0.00159083293599682207286605262198
-0.00143459039462578985535401443485
0
-0.00143459039462578985535401443485
-0.00140644386276278510194970294833
-0.00128164857769075268834058078937
0
-0.00128164857769075268834058078937
0
0
0
0
-0.00140644386276278510194970294833
-0.00128164857769075268834058078937
0
-0.00128164857769075268834058078937
-0.0400090055140394085242405708414
-0.00492205514414134626122176996432
0
-0.00492205514414134626122176996432
-0.015013749506667783961688655836
-0.00707785875888378157583247229923
0
-0.00707785875888378157583247229923
0
0
0
0
-0.015013749506667783961688655836
-0.00707785875888378157583247229923
0
-0.00707785875888378157583247229923
