0
0
0
-0
0
0.0582455456197095156056775522302
0
-0.0582455456197095156056775522302
0
0
0
0
-0
-0.0582455456197095156056775522302
0
0.0582455456197095156056775522302
0
0
0
-0
0
0.00697072181039304350491647710442
0
-0.00697072181039304350491647710442
0
0
0
0
-0
-0.00697072181039304350491647710442
0
0.00697072181039304350491647710442
0
0
0
-0
0
0.000155769838439567820387310348451
0
-0.000155769838439567820387310348451
0
0
0
0
-0
-0.000155769838439567820387310348451
0
0.000155769838439567820387310348451
0
0
0
-0
0
1.76608213129370028582343365997e-05
0
-1.76608213129370028582343365997e-05
0
0
0
0
-0
-1.76608213129370028582343365997e-05
0
1.76608213129370028582343365997e-05
0
0
0
0
0
0
0
0
0
0
0
0
0
0
0
0
0
0
0
-0
0
1.76608213129370028582343365997e-05
0
-1.76608213129370028582343365997e-05
0
0
0
0
-0
-1.76608213129370028582343365997e-05
0
1.76608213129370028582343365997e-05
0
0
0
-0
0
0.000155769838439567820387310348451
0
-0.000155769838439567820387310348451
0
0
0
0
-0
-0.000155769838439567820387310348451
0
0.000155769838439567820387310348451
0
0
0
-0
0
0.00697072181039304350491647710442
0
-0.00697072181039304350491647710442
0
0
0
0
-0
-0.00697072181039304350491647710442
0
0.00697072181039304350491647710442
