0
0
0
-0
0
0
0
-0
0
0
0
0
0
0
0
-0
0
0.0275658884927514336027343233582
0
-0.0275658884927514336027343233582
0
0.0083090091907543905946909035265
0
-0.0083090091907543905946909035265
0
0
0
0
0
0.0083090091907543905946909035265
0
-0.0083090091907543905946909035265
0
0.000662915789518603304486532579176
0
-0.000662915789518603304486532579176
0
0.000538069398375307095250263955677
0
-0.000538069398375307095250263955677
0
0
0
0
0
0.000538069398375307095250263955677
0
-0.000538069398375307095250263955677
0
0.000107213589776833373434783425182
0
-0.000107213589776833373434783425182
0
9.90003260212812818963357130997e-05
0
-9.90003260212812818963357130997e-05
0
0
0
0
0
9.90003260212812818963357130997e-05
0
-9.90003260212812818963357130997e-05
0
0
0
0
0
0
0
0
0
0
0
0
0
0
0
0
-0
-0.000107213589776833373434783425182
0
0.000107213589776833373434783425182
-0
-9.90003260212812818963357130997e-05
0
9.90003260212812818963357130997e-05
0
0
0
0
-0
-9.90003260212812818963357130997e-05
0
9.90003260212812818963357130997e-05
-0
-0.000662915789518603304486532579176
0
0.000662915789518603304486532579176
-0
-0.000538069398375307095250263955677
0
0.000538069398375307095250263955677
0
0
0
0
-0
-0.000538069398375307095250263955677
0
0.000538069398375307095250263955677
-0
-0.0275658884927514336027343233582
0
0.0275658884927514336027343233582
-0
-0.0083090091907543905946909035265
0
0.0083090091907543905946909035265
0
0
0
0
-0
-0.0083090091907543905946909035265
0
0.0083090091907543905946909035265
