-0.29391665658244531256215736903
-0.106925267023135317501214558433
0
-0.106925267023135317501214558433
0.119232926116316750864143614308
0.029570016476526905790933597018
0
0.029570016476526905790933597018
0
0
0
0
0.119232926116316750864143614308
0.029570016476526905790933597018
0
0.029570016476526905790933597018
-0.0267962201115068410217645578086
-0.018134840546673913763697782997
0
-0.018134840546673913763697782997
0.00323860589329605375041865045205
-0.000185220804823416074214037507772
0
-0.000185220804823416074214037507772
0
0
0
0
0.00323860589329605375041865045205
-0.000185220804823416074214037507772
0
-0.000185220804823416074214037507772
-0.00153766187116932684375569806434
-0.00148776145945328508446436899249
0
-0.00148776145945328508446436899249
-0.00105304447909393417148748994805
-0.00102971159581599636112514417619
0
-0.00102971159581599636112514417619
0
0
0
0
-0.00105304447909393417148748994805
-0.00102971159581599636112514417619
0
-0.00102971159581599636112514417619
-0.000403601763377281486100400798023
-0.000398759393368308678873290773481
0
-0.000398759393368308678873290773481
-0.000349893998896178004542889539152
-0.000346150686596935486250004032627
0
-0.000346150686596935486250004032627
0
0
0
0
-0.000349893998896178004542889539152
-0.000346150686596935486250004032627
0
-0.000346150686596935486250004032627
0
0
0
0
0
0
0
0
0
0
0
0
0
0
0
0
-0.000403601763377281486100400798023
-0.000398759393368308678873290773481
0
-0.000398759393368308678873290773481
-0.000349893998896178004542889539152
-0.000346150686596935486250004032627
0
-0.000346150686596935486250004032627
0
0
0
0
-0.000349893998896178004542889539152
-0.000346150686596935486250004032627
0
-0.000346150686596935486250004032627
-0.00153766187116932684375569806434
-0.00148776145945328508446436899249
0
-0.00148776145945328508446436899249
-0.00105304447909393417148748994805
-0.00102971159581599636112514417619
0
-0.00102971159581599636112514417619
0
0
0
0
-0.00105304447909393417148748994805
-0.00102971159581599636112514417619
0
-0.00102971159581599636112514417619
-0.0267962201115068410217645578086
-0.018134840546673913763697782997
0
-0.018134840546673913763697782997
0.00323860589329605375041865045205
-0.000185220804823416074214037507772
0
-0.000185220804823416074214037507772
0
0
0
0
0.00323860589329605375041865045205
-0.000185220804823416074214037507772
0
-0.000185220804823416074214037507772
