0
0
0
0
0
0
0
0
0
0
0
0
-0
-0
0
-0
0
0
0
0
0.0196193799773958232890436192974
0.0127410495883375496362077683443
0
0.0127410495883375496362077683443
0
0
0
0
-0.0196193799773958232890436192974
-0.0127410495883375496362077683443
0
-0.0127410495883375496362077683443
0
0
0
0
0.00107693841702083403788492432795
0.00102125294323052173695032251999
0
0.00102125294323052173695032251999
0
0
0
0
-0.00107693841702083403788492432795
-0.00102125294323052173695032251999
0
-0.00102125294323052173695032251999
0
0
0
0
0.000198008103659219614200992509723
0.000194076257111319705472851637751
0
0.000194076257111319705472851637751
0
0
0
0
-0.000198008103659219614200992509723
-0.000194076257111319705472851637751
0
-0.000194076257111319705472851637751
0
0
0
0
0
0
0
0
0
0
0
0
0
0
0
0
-0
-0
0
-0
-0.000198008103659219614200992509723
-0.000194076257111319705472851637751
0
-0.000194076257111319705472851637751
0
0
0
0
0.000198008103659219614200992509723
0.000194076257111319705472851637751
0
0.000194076257111319705472851637751
-0
-0
0
-0
-0.00107693841702083403788492432795
-0.00102125294323052173695032251999
0
-0.00102125294323052173695032251999
0
0
0
0
0.00107693841702083403788492432795
0.00102125294323052173695032251999
0
0.00102125294323052173695032251999
-0
-0
0
-0
-0.0196193799773958232890436192974
-0.0127410495883375496362077683443
0
-0.0127410495883375496362077683443
0
0
0
0
0.0196193799773958232890436192974
0.0127410495883375496362077683443
0
0.0127410495883375496362077683443
