-0.143138636519297868243683069522
-0.0551775162695404830515144567471
0
-0.0551775162695404830515144567471
-0.0315450939468316926550528478401
-0.0221777342770679286587665046682
0
-0.0221777342770679286587665046682
0
0
0
0
-0.0315450939468316926550528478401
-0.0221777342770679286587665046682
0
-0.0221777342770679286587665046682
0.0668052256255435850107460282743
0.0230568956908152600249195529614
0
0.0230568956908152600249195529614
0.0117751436133763931479734310415
0.00726307956370497720399725949392
0
0.00726307956370497720399725949392
0
0
0
0
0.0117751436133763931479734310415
0.00726307956370497720399725949392
0
0.00726307956370497720399725949392
0.00312849480717503070081875193864
0.0029223518540781867613986833021
0
0.0029223518540781867613986833021
0.00245948834184517295398109126836
0.00231136017351296629840362584218
0
0.00231136017351296629840362584218
0
0
0
0
0.00245948834184517295398109126836
0.00231136017351296629840362584218
0
0.00231136017351296629840362584218
0.000812151321540000026288907974958
0.000792570991933416735264472663403
0
0.000792570991933416735264472663403
0.000739653734754597280698362737894
0.000722340356194450805560336448252
0
0.000722340356194450805560336448252
0
0
0
0
0.000739653734754597280698362737894
0.000722340356194450805560336448252
0
0.000722340356194450805560336448252
0
0
0
0
0
0
0
0
0
0
0
0
0
0
0
0
0.000812151321540000026288907974958
0.000792570991933416735264472663403
0
0.000792570991933416735264472663403
0.000739653734754597280698362737894
0.000722340356194450805560336448252
0
0.000722340356194450805560336448252
0
0
0
0
0.000739653734754597280698362737894
0.000722340356194450805560336448252
0
0.000722340356194450805560336448252
0.00312849480717503070081875193864
0.0029223518540781867613986833021
0
0.0029223518540781867613986833021
0.00245948834184517295398109126836
0.00231136017351296629840362584218
0
0.00231136017351296629840362584218
0
0
0
0
0.00245948834184517295398109126836
0.00231136017351296629840362584218
0
0.00231136017351296629840362584218
0.0668052256255435850107460282743
0.0230568956908152600249195529614
0
0.0230568956908152600249195529614
0.0117751436133763931479734310415
0.00726307956370497720399725949392
0
0.00726307956370497720399725949392
0
0
0
0
0.0117751436133763931479734310415
0.00726307956370497720399725949392
0
0.00726307956370497720399725949392
